#
# A fatal error has been detected by the Java Runtime Environment:
#
#  EXCEPTION_ACCESS_VIOLATION (0xc0000005) at pc=0x000000005ae8b8dd, pid=13856, tid=0x0000000000002c90
#
# JRE version: Java(TM) SE Runtime Environment (8.0_112-b15) (build 1.8.0_112-b15)
# Java VM: Java HotSpot(TM) 64-Bit Server VM (25.112-b15 mixed mode windows-amd64 compressed oops)
# Problematic frame:
# C  [glass.dll+0x1b8dd]
#
# Failed to write core dump. Minidumps are not enabled by default on client versions of Windows
#
# If you would like to submit a bug report, please visit:
#   http://bugreport.java.com/bugreport/crash.jsp
# The crash happened outside the Java Virtual Machine in native code.
# See problematic frame for where to report the bug.
#

---------------  T H R E A D  ---------------

Current thread (0x00000000198f8000):  JavaThread "JavaFX Application Thread" [_thread_in_native, id=11408, stack(0x000000001ab00000,0x000000001ac00000)]

siginfo: ExceptionCode=0xc0000005, reading address 0x0000000021f7ffb8

Registers:
RAX=0x0000000000000000, RBX=0x0000000021f7ffb0, RCX=0x66047f470c5d0000, RDX=0x0000000019f05e88
RSP=0x000000001abfedc0, RBP=0x000000001abfee19, RSI=0x0000000000000100, RDI=0x0000000021f7ffb0
R8 =0x0000000000000006, R9 =0x0000000019f03840, R10=0x00000000176fa7b8, R11=0x000000001abfebd0
R12=0x00000000002d09cc, R13=0x0000000000000100, R14=0x000000000000000d, R15=0x00000000011c0001
RIP=0x000000005ae8b8dd, EFLAGS=0x0000000000010283

Top of Stack: (sp=0x000000001abfedc0)
0x000000001abfedc0:   0000000000000000 0000000021f7ffb0
0x000000001abfedd0:   0000000013bd07f7 0000000000000000
0x000000001abfede0:   00000000011c0001 0000000000000000
0x000000001abfedf0:   0000000000000000 000000001abfee00
0x000000001abfee00:   0000000000180016 0000000000000000
0x000000001abfee10:   0000000000000000 000000000000000d
0x000000001abfee20:   0000000000000000 0000660465f8e19d
0x000000001abfee30:   00000000002d09cc 000000005ae964f0
0x000000001abfee40:   00000000002d09cc 0000000021f7ffb0
0x000000001abfee50:   0000000000000000 00000000011c0001
0x000000001abfee60:   00000000002d09cc 0000000000000100
0x000000001abfee70:   000000000000000d 000000005ae717e8
0x000000001abfee80:   000000000000000d 00000000002d09cc
0x000000001abfee90:   0000000000000001 0000000000000000
0x000000001abfeea0:   0000000000000000 00007ff9ecfb1c24
0x000000001abfeeb0:   0000000000000001 000000001abff160 

Instructions: (pc=0x000000005ae8b8dd)
0x000000005ae8b8bd:   9f 30 01 00 00 75 14 45 84 ed 48 8b cf 0f 95 c3
0x000000005ae8b8cd:   8d 93 1d 02 00 00 e8 18 f3 ff ff 4c 8b 6c 24 78
0x000000005ae8b8dd:   48 8b 4f 08 4d 8b cf 4d 8b c6 8b d6 ff 15 d1 f4
0x000000005ae8b8ed:   01 00 48 8b 9c 24 88 00 00 00 4c 8b a4 24 80 00 


Register to memory mapping:

RAX=0x0000000000000000 is an unknown value
RBX=0x0000000021f7ffb0 is an unknown value
RCX=0x66047f470c5d0000 is an unknown value
RDX=0x0000000019f05e88 is an unknown value
RSP=0x000000001abfedc0 is pointing into the stack for thread: 0x00000000198f8000
RBP=0x000000001abfee19 is pointing into the stack for thread: 0x00000000198f8000
RSI=0x0000000000000100 is an unknown value
RDI=0x0000000021f7ffb0 is an unknown value
R8 =0x0000000000000006 is an unknown value
R9 =0x0000000019f03840 is an unknown value
R10={method} {0x00000000176fa7c0} 'notifyKey' '(II[CI)V' in 'com/sun/glass/ui/View'
R11=0x000000001abfebd0 is pointing into the stack for thread: 0x00000000198f8000
R12=0x00000000002d09cc is an unknown value
R13=0x0000000000000100 is an unknown value
R14=0x000000000000000d is an unknown value
R15=0x00000000011c0001 is an unknown value


Stack: [0x000000001ab00000,0x000000001ac00000],  sp=0x000000001abfedc0,  free space=1019k
Native frames: (J=compiled Java code, j=interpreted, Vv=VM code, C=native code)
C  [glass.dll+0x1b8dd]
C  [glass.dll+0x17e8]
C  [USER32.dll+0x11c24]
C  [USER32.dll+0x1156c]
C  [glass.dll+0xa55d]
C  0x0000000003087f74

Java frames: (J=compiled Java code, j=interpreted, Vv=VM code)
j  com.sun.glass.ui.win.WinApplication._runLoop(Ljava/lang/Runnable;)V+0
j  com.sun.glass.ui.win.WinApplication.lambda$null$148(ILjava/lang/Runnable;)V+8
j  com.sun.glass.ui.win.WinApplication$$Lambda$38.run()V+12
j  java.lang.Thread.run()V+11
v  ~StubRoutines::call_stub

---------------  P R O C E S S  ---------------

Java Threads: ( => current thread )
  0x000000001a139000 JavaThread "Prism Font Disposer" daemon [_thread_blocked, id=12380, stack(0x00000000210e0000,0x00000000211e0000)]
  0x0000000019fa1800 JavaThread "Thread-3" daemon [_thread_in_native, id=14120, stack(0x000000001f090000,0x000000001f190000)]
  0x0000000019f60800 JavaThread "JavaFX-Launcher" [_thread_blocked, id=13192, stack(0x000000001f190000,0x000000001f290000)]
=>0x00000000198f8000 JavaThread "JavaFX Application Thread" [_thread_in_native, id=11408, stack(0x000000001ab00000,0x000000001ac00000)]
  0x00000000198f7800 JavaThread "Thread-1" daemon [_thread_blocked, id=580, stack(0x000000001aa00000,0x000000001ab00000)]
  0x00000000198ca800 JavaThread "QuantumRenderer-0" daemon [_thread_blocked, id=11236, stack(0x000000001a700000,0x000000001a800000)]
  0x000000001952f000 JavaThread "Service Thread" daemon [_thread_blocked, id=9072, stack(0x0000000019910000,0x0000000019a10000)]
  0x0000000017bc8800 JavaThread "C1 CompilerThread2" daemon [_thread_blocked, id=9168, stack(0x0000000019410000,0x0000000019510000)]
  0x0000000017bc1800 JavaThread "C2 CompilerThread1" daemon [_thread_blocked, id=3444, stack(0x0000000019310000,0x0000000019410000)]
  0x0000000017bbd000 JavaThread "C2 CompilerThread0" daemon [_thread_blocked, id=1728, stack(0x0000000019210000,0x0000000019310000)]
  0x0000000017bbb800 JavaThread "Attach Listener" daemon [_thread_blocked, id=7904, stack(0x0000000019110000,0x0000000019210000)]
  0x0000000017bba000 JavaThread "Signal Dispatcher" daemon [_thread_blocked, id=5808, stack(0x0000000019010000,0x0000000019110000)]
  0x0000000017ba9800 JavaThread "Finalizer" daemon [_thread_blocked, id=13352, stack(0x0000000018e10000,0x0000000018f10000)]
  0x0000000003061000 JavaThread "Reference Handler" daemon [_thread_blocked, id=8012, stack(0x0000000018d10000,0x0000000018e10000)]
  0x0000000002f70800 JavaThread "main" [_thread_blocked, id=5468, stack(0x0000000002d80000,0x0000000002e80000)]

Other Threads:
  0x0000000017b87000 VMThread [stack: 0x0000000018c10000,0x0000000018d10000] [id=10756]
  0x000000001956b800 WatcherThread [stack: 0x0000000019e00000,0x0000000019f00000] [id=10872]

VM state:not at safepoint (normal execution)

VM Mutex/Monitor currently owned by a thread: None

Heap:
 PSYoungGen      total 38400K, used 29257K [0x00000000d5d80000, 0x00000000d8800000, 0x0000000100000000)
  eden space 33280K, 72% used [0x00000000d5d80000,0x00000000d7515938,0x00000000d7e00000)
  from space 5120K, 99% used [0x00000000d8300000,0x00000000d87fcad0,0x00000000d8800000)
  to   space 5120K, 0% used [0x00000000d7e00000,0x00000000d7e00000,0x00000000d8300000)
 ParOldGen       total 87552K, used 20002K [0x0000000081800000, 0x0000000086d80000, 0x00000000d5d80000)
  object space 87552K, 22% used [0x0000000081800000,0x0000000082b88bb8,0x0000000086d80000)
 Metaspace       used 18975K, capacity 19936K, committed 20096K, reserved 1067008K
  class space    used 2683K, capacity 2911K, committed 2944K, reserved 1048576K

Card table byte_map: [0x0000000012430000,0x0000000012830000] byte_map_base: 0x0000000012024000

Marking Bits: (ParMarkBitMap*) 0x000000005bb8a6d0
 Begin Bits: [0x0000000012ee0000, 0x0000000014e80000)
 End Bits:   [0x0000000014e80000, 0x0000000016e20000)

Polling page: 0x0000000002bf0000

CodeCache: size=245760Kb used=5810Kb max_used=5829Kb free=239949Kb
 bounds [0x0000000003070000, 0x0000000003630000, 0x0000000012070000]
 total_blobs=2539 nmethods=1876 adapters=575
 compilation: enabled

Compilation events (10 events):
Event: 6.414 Thread 0x0000000017bc8800 1869       3       javafx.scene.layout.Region::getBorder (11 bytes)
Event: 6.414 Thread 0x0000000017bc8800 nmethod 1869 0x0000000003607350 code [0x00000000036074c0, 0x00000000036077c8]
Event: 6.414 Thread 0x0000000017bc8800 1873       3       javafx.scene.Parent::requestParentLayout (28 bytes)
Event: 6.415 Thread 0x0000000017bc8800 nmethod 1873 0x00000000036068d0 code [0x0000000003606a80, 0x0000000003607178]
Event: 6.415 Thread 0x0000000017bc8800 1872       3       javafx.beans.property.ObjectPropertyBase::invalidated (1 bytes)
Event: 6.415 Thread 0x0000000017bc8800 nmethod 1872 0x0000000003606590 code [0x00000000036066e0, 0x0000000003606830]
Event: 6.415 Thread 0x0000000017bc8800 1871       1       javafx.scene.text.Text$TextAttribute::access$1800 (5 bytes)
Event: 6.415 Thread 0x0000000017bc8800 nmethod 1871 0x00000000036062d0 code [0x0000000003606420, 0x0000000003606510]
Event: 6.415 Thread 0x0000000017bc8800 1870       1       javafx.scene.text.Text$TextAttribute::access$1700 (5 bytes)
Event: 6.415 Thread 0x0000000017bc8800 nmethod 1870 0x0000000003605f50 code [0x00000000036060a0, 0x0000000003606190]

GC Heap History (4 events):
Event: 1.787 GC heap before
{Heap before GC invocations=1 (full 0):
 PSYoungGen      total 38400K, used 33280K [0x00000000d5d80000, 0x00000000d8800000, 0x0000000100000000)
  eden space 33280K, 100% used [0x00000000d5d80000,0x00000000d7e00000,0x00000000d7e00000)
  from space 5120K, 0% used [0x00000000d8300000,0x00000000d8300000,0x00000000d8800000)
  to   space 5120K, 0% used [0x00000000d7e00000,0x00000000d7e00000,0x00000000d8300000)
 ParOldGen       total 87552K, used 0K [0x0000000081800000, 0x0000000086d80000, 0x00000000d5d80000)
  object space 87552K, 0% used [0x0000000081800000,0x0000000081800000,0x0000000086d80000)
 Metaspace       used 14064K, capacity 14688K, committed 14976K, reserved 1062912K
  class space    used 1921K, capacity 2105K, committed 2176K, reserved 1048576K
Event: 1.794 GC heap after
Heap after GC invocations=1 (full 0):
 PSYoungGen      total 38400K, used 3922K [0x00000000d5d80000, 0x00000000d8800000, 0x0000000100000000)
  eden space 33280K, 0% used [0x00000000d5d80000,0x00000000d5d80000,0x00000000d7e00000)
  from space 5120K, 76% used [0x00000000d7e00000,0x00000000d81d4ac0,0x00000000d8300000)
  to   space 5120K, 0% used [0x00000000d8300000,0x00000000d8300000,0x00000000d8800000)
 ParOldGen       total 87552K, used 4186K [0x0000000081800000, 0x0000000086d80000, 0x00000000d5d80000)
  object space 87552K, 4% used [0x0000000081800000,0x0000000081c16bf0,0x0000000086d80000)
 Metaspace       used 14064K, capacity 14688K, committed 14976K, reserved 1062912K
  class space    used 1921K, capacity 2105K, committed 2176K, reserved 1048576K
}
Event: 6.102 GC heap before
{Heap before GC invocations=2 (full 0):
 PSYoungGen      total 38400K, used 32301K [0x00000000d5d80000, 0x00000000d8800000, 0x0000000100000000)
  eden space 33280K, 85% used [0x00000000d5d80000,0x00000000d7936c68,0x00000000d7e00000)
  from space 5120K, 76% used [0x00000000d7e00000,0x00000000d81d4ac0,0x00000000d8300000)
  to   space 5120K, 0% used [0x00000000d8300000,0x00000000d8300000,0x00000000d8800000)
 ParOldGen       total 87552K, used 4186K [0x0000000081800000, 0x0000000086d80000, 0x00000000d5d80000)
  object space 87552K, 4% used [0x0000000081800000,0x0000000081c16bf0,0x0000000086d80000)
 Metaspace       used 17801K, capacity 18594K, committed 18944K, reserved 1064960K
  class space    used 2487K, capacity 2690K, committed 2816K, reserved 1048576K
Event: 6.114 GC heap after
Heap after GC invocations=2 (full 0):
 PSYoungGen      total 38400K, used 5106K [0x00000000d5d80000, 0x00000000d8800000, 0x0000000100000000)
  eden space 33280K, 0% used [0x00000000d5d80000,0x00000000d5d80000,0x00000000d7e00000)
  from space 5120K, 99% used [0x00000000d8300000,0x00000000d87fcad0,0x00000000d8800000)
  to   space 5120K, 0% used [0x00000000d7e00000,0x00000000d7e00000,0x00000000d8300000)
 ParOldGen       total 87552K, used 20002K [0x0000000081800000, 0x0000000086d80000, 0x00000000d5d80000)
  object space 87552K, 22% used [0x0000000081800000,0x0000000082b88bb8,0x0000000086d80000)
 Metaspace       used 17801K, capacity 18594K, committed 18944K, reserved 1064960K
  class space    used 2487K, capacity 2690K, committed 2816K, reserved 1048576K
}

Deoptimization events (10 events):
Event: 1.740 Thread 0x00000000198f8000 Uncommon trap: reason=unstable_if action=reinterpret pc=0x0000000003396928 method=jdk.internal.org.objectweb.asm.Type.getArgumentsAndReturnSizes(Ljava/lang/String;)I @ 47
Event: 1.970 Thread 0x00000000198f8000 Uncommon trap: reason=unstable_if action=reinterpret pc=0x00000000034642d0 method=java.util.HashMap.isEmpty()Z @ 4
Event: 4.096 Thread 0x00000000198f8000 Uncommon trap: reason=unstable_if action=reinterpret pc=0x0000000003258640 method=java.lang.CharacterData.of(I)Ljava/lang/CharacterData; @ 4
Event: 5.967 Thread 0x00000000198f8000 Uncommon trap: reason=unstable_if action=reinterpret pc=0x000000000331769c method=java.lang.AbstractStringBuilder.append(Ljava/lang/String;)Ljava/lang/AbstractStringBuilder; @ 1
Event: 6.034 Thread 0x00000000198f8000 Uncommon trap: reason=unstable_if action=reinterpret pc=0x0000000003312c38 method=java.lang.String.indexOf([CII[CIII)I @ 3
Event: 6.174 Thread 0x00000000198f8000 Uncommon trap: reason=class_check action=maybe_recompile pc=0x00000000033a11b0 method=java.io.FilterInputStream.read()I @ 4
Event: 6.174 Thread 0x00000000198f8000 Uncommon trap: reason=class_check action=maybe_recompile pc=0x00000000033a11b0 method=java.io.FilterInputStream.read()I @ 4
Event: 6.174 Thread 0x00000000198f8000 Uncommon trap: reason=class_check action=maybe_recompile pc=0x00000000033a11b0 method=java.io.FilterInputStream.read()I @ 4
Event: 6.174 Thread 0x00000000198f8000 Uncommon trap: reason=class_check action=maybe_recompile pc=0x00000000033a11b0 method=java.io.FilterInputStream.read()I @ 4
Event: 6.253 Thread 0x00000000198f8000 Uncommon trap: reason=predicate action=maybe_recompile pc=0x000000000352ad7c method=sun.net.www.ParseUtil.encodePath(Ljava/lang/String;Z)Ljava/lang/String; @ 36

Internal exceptions (10 events):
Event: 0.367 Thread 0x00000000198f8000 Exception <a 'java/lang/NullPointerException'> (0x00000000d6afb408) thrown at [C:\re\workspace\8-2-build-windows-amd64-cygwin\jdk8u112\7884\hotspot\src\share\vm\interpreter\linkResolver.cpp, line 1178]
Event: 0.367 Thread 0x00000000198f8000 Exception <a 'java/lang/NullPointerException'> (0x00000000d6afb408) thrown at [C:\re\workspace\8-2-build-windows-amd64-cygwin\jdk8u112\7884\hotspot\src\share\vm\prims\jvm.cpp, line 1394]
Event: 0.465 Thread 0x00000000198f8000 Exception <a 'java/lang/ArrayIndexOutOfBoundsException'> (0x00000000d6d42640) thrown at [C:\re\workspace\8-2-build-windows-amd64-cygwin\jdk8u112\7884\hotspot\src\share\vm\runtime\sharedRuntime.cpp, line 605]
Event: 0.465 Thread 0x00000000198f8000 Exception <a 'java/lang/ArrayIndexOutOfBoundsException'> (0x00000000d6d43340) thrown at [C:\re\workspace\8-2-build-windows-amd64-cygwin\jdk8u112\7884\hotspot\src\share\vm\runtime\sharedRuntime.cpp, line 605]
Event: 0.466 Thread 0x00000000198f8000 Exception <a 'java/lang/ArrayIndexOutOfBoundsException'> (0x00000000d6d446e8) thrown at [C:\re\workspace\8-2-build-windows-amd64-cygwin\jdk8u112\7884\hotspot\src\share\vm\runtime\sharedRuntime.cpp, line 605]
Event: 0.536 Thread 0x00000000198f8000 Exception <a 'java/lang/ArrayIndexOutOfBoundsException'> (0x00000000d7430a70) thrown at [C:\re\workspace\8-2-build-windows-amd64-cygwin\jdk8u112\7884\hotspot\src\share\vm\runtime\sharedRuntime.cpp, line 605]
Event: 0.537 Thread 0x00000000198f8000 Exception <a 'java/lang/ArrayIndexOutOfBoundsException'> (0x00000000d7431e60) thrown at [C:\re\workspace\8-2-build-windows-amd64-cygwin\jdk8u112\7884\hotspot\src\share\vm\runtime\sharedRuntime.cpp, line 605]
Event: 5.967 Thread 0x00000000198f8000 Implicit null exception at 0x00000000033172d4 to 0x0000000003317685
Event: 6.239 Thread 0x00000000198f8000 Exception <a 'java/lang/ArrayIndexOutOfBoundsException'> (0x00000000d7032e38) thrown at [C:\re\workspace\8-2-build-windows-amd64-cygwin\jdk8u112\7884\hotspot\src\share\vm\runtime\sharedRuntime.cpp, line 605]
Event: 6.240 Thread 0x00000000198f8000 Exception <a 'java/lang/ArrayIndexOutOfBoundsException'> (0x00000000d7034e60) thrown at [C:\re\workspace\8-2-build-windows-amd64-cygwin\jdk8u112\7884\hotspot\src\share\vm\runtime\sharedRuntime.cpp, line 605]

Events (10 events):
Event: 6.381 loading class com/sun/javafx/scene/control/skin/MenuButtonSkin
Event: 6.381 loading class com/sun/javafx/scene/control/skin/MenuButtonSkin done
Event: 6.381 loading class javafx/scene/control/MenuButton
Event: 6.381 loading class javafx/scene/control/MenuButton done
Event: 6.381 loading class javafx/event/ActionEvent
Event: 6.381 loading class javafx/event/ActionEvent done
Event: 6.381 loading class javafx/scene/control/MenuButton
Event: 6.381 loading class javafx/scene/control/MenuButton done
Event: 6.405 loading class javafx/scene/layout/Priority
Event: 6.405 loading class javafx/scene/layout/Priority done


Dynamic libraries:
0x00007ff60d920000 - 0x00007ff60d957000 	C:\Program Files\Java\jdk1.8.0_112\jre\bin\java.exe
0x00007ff9ede10000 - 0x00007ff9edfe1000 	C:\WINDOWS\SYSTEM32\ntdll.dll
0x00007ff9eb3e0000 - 0x00007ff9eb48b000 	C:\WINDOWS\System32\KERNEL32.DLL
0x00007ff9ea950000 - 0x00007ff9eab6d000 	C:\WINDOWS\System32\KERNELBASE.dll
0x00007ff9ece30000 - 0x00007ff9eced2000 	C:\WINDOWS\System32\ADVAPI32.dll
0x00007ff9edd70000 - 0x00007ff9ede0e000 	C:\WINDOWS\System32\msvcrt.dll
0x00007ff9ed3e0000 - 0x00007ff9ed439000 	C:\WINDOWS\System32\sechost.dll
0x00007ff9eccf0000 - 0x00007ff9ece11000 	C:\WINDOWS\System32\RPCRT4.dll
0x00007ff9ecfa0000 - 0x00007ff9ed105000 	C:\WINDOWS\System32\USER32.dll
0x00007ff9ea740000 - 0x00007ff9ea75e000 	C:\WINDOWS\System32\win32u.dll
0x00007ff9eb3a0000 - 0x00007ff9eb3d4000 	C:\WINDOWS\System32\GDI32.dll
0x00007ff9ea7c0000 - 0x00007ff9ea942000 	C:\WINDOWS\System32\gdi32full.dll
0x00007ff9df470000 - 0x00007ff9df6e9000 	C:\WINDOWS\WinSxS\amd64_microsoft.windows.common-controls_6595b64144ccf1df_6.0.14393.447_none_42191651c6827bb3\COMCTL32.dll
0x00007ff9eca20000 - 0x00007ff9ecce7000 	C:\WINDOWS\System32\combase.dll
0x00007ff9eb2a0000 - 0x00007ff9eb395000 	C:\WINDOWS\System32\ucrtbase.dll
0x00007ff9ea3b0000 - 0x00007ff9ea41a000 	C:\WINDOWS\System32\bcryptPrimitives.dll
0x00007ff9edd30000 - 0x00007ff9edd5e000 	C:\WINDOWS\System32\IMM32.DLL
0x000000005b290000 - 0x000000005b362000 	C:\Program Files\Java\jdk1.8.0_112\jre\bin\msvcr100.dll
0x000000005b370000 - 0x000000005bc0a000 	C:\Program Files\Java\jdk1.8.0_112\jre\bin\server\jvm.dll
0x00007ff9ece20000 - 0x00007ff9ece28000 	C:\WINDOWS\System32\PSAPI.DLL
0x00007ff9e7070000 - 0x00007ff9e7079000 	C:\WINDOWS\SYSTEM32\WSOCK32.dll
0x00007ff9e8730000 - 0x00007ff9e8753000 	C:\WINDOWS\SYSTEM32\WINMM.dll
0x00007ff9edab0000 - 0x00007ff9edb1a000 	C:\WINDOWS\System32\WS2_32.dll
0x00007ff9dcfc0000 - 0x00007ff9dcfca000 	C:\WINDOWS\SYSTEM32\VERSION.dll
0x00007ff9e84a0000 - 0x00007ff9e84cb000 	C:\WINDOWS\SYSTEM32\WINMMBASE.dll
0x00007ff9eab70000 - 0x00007ff9eabb2000 	C:\WINDOWS\System32\cfgmgr32.dll
0x000000005b240000 - 0x000000005b24f000 	C:\Program Files\Java\jdk1.8.0_112\jre\bin\verify.dll
0x000000005b210000 - 0x000000005b239000 	C:\Program Files\Java\jdk1.8.0_112\jre\bin\java.dll
0x000000005b1f0000 - 0x000000005b206000 	C:\Program Files\Java\jdk1.8.0_112\jre\bin\zip.dll
0x00007ff9eb490000 - 0x00007ff9ec999000 	C:\WINDOWS\System32\SHELL32.dll
0x00007ff9eabc0000 - 0x00007ff9eb29a000 	C:\WINDOWS\System32\windows.storage.dll
0x00007ff9ea290000 - 0x00007ff9ea2dc000 	C:\WINDOWS\System32\powrprof.dll
0x00007ff9ed870000 - 0x00007ff9ed8c2000 	C:\WINDOWS\System32\shlwapi.dll
0x00007ff9ea2e0000 - 0x00007ff9ea2ef000 	C:\WINDOWS\System32\kernel.appcore.dll
0x00007ff9ea5f0000 - 0x00007ff9ea699000 	C:\WINDOWS\System32\shcore.dll
0x00007ff9ea270000 - 0x00007ff9ea284000 	C:\WINDOWS\System32\profapi.dll
0x00007ff9bc290000 - 0x00007ff9bc37f000 	C:\Program Files\Java\jdk1.8.0_112\jre\bin\msvcr120.dll
0x00007ff9c2ee0000 - 0x00007ff9c2f86000 	C:\Program Files\Java\jdk1.8.0_112\jre\bin\msvcp120.dll
0x000000005aec0000 - 0x000000005aee2000 	C:\Program Files\Java\jdk1.8.0_112\jre\bin\prism_d3d.dll
0x00007ff9c7360000 - 0x00007ff9c74ed000 	C:\WINDOWS\system32\d3d9.dll
0x00007ff9e78c0000 - 0x00007ff9e78e6000 	C:\WINDOWS\SYSTEM32\dwmapi.dll
0x00007ff9e8a00000 - 0x00007ff9e8a95000 	C:\WINDOWS\system32\uxtheme.dll
0x00007ff99b640000 - 0x00007ff99d878000 	C:\WINDOWS\SYSTEM32\igdumdim64.dll
0x00007ff9ed440000 - 0x00007ff9ed869000 	C:\WINDOWS\System32\SETUPAPI.dll
0x00007ff9ecee0000 - 0x00007ff9ecf9f000 	C:\WINDOWS\System32\OLEAUT32.dll
0x00007ff9ea6a0000 - 0x00007ff9ea73c000 	C:\WINDOWS\System32\msvcp_win.dll
0x00007ff9ed8d0000 - 0x00007ff9eda07000 	C:\WINDOWS\System32\ole32.dll
0x000000005ae70000 - 0x000000005aeb3000 	C:\Program Files\Java\jdk1.8.0_112\jre\bin\glass.dll
0x00007ff9ed110000 - 0x00007ff9ed20a000 	C:\WINDOWS\System32\COMDLG32.dll
0x00007ff9ed210000 - 0x00007ff9ed36b000 	C:\WINDOWS\System32\MSCTF.dll
0x00007ff9e2110000 - 0x00007ff9e2d5a000 	C:\WINDOWS\SYSTEM32\igc64.dll
0x000000005ae40000 - 0x000000005ae63000 	C:\Program Files\Java\jdk1.8.0_112\jre\bin\javafx_iio.dll
0x000000005ae20000 - 0x000000005ae34000 	C:\Program Files\Java\jdk1.8.0_112\jre\bin\javafx_font.dll
0x00007ff9d4530000 - 0x00007ff9d4799000 	C:\WINDOWS\SYSTEM32\dwrite.dll
0x00007ff9eda10000 - 0x00007ff9edaaf000 	C:\WINDOWS\System32\clbcatq.dll
0x00007ff9e5810000 - 0x00007ff9e59b8000 	C:\WINDOWS\SYSTEM32\WindowsCodecs.dll
0x00007ff9d4130000 - 0x00007ff9d4179000 	C:\WINDOWS\system32\dataexchange.dll
0x00007ff9e7a40000 - 0x00007ff9e7cf6000 	C:\WINDOWS\system32\d3d11.dll
0x00007ff9e8020000 - 0x00007ff9e8171000 	C:\WINDOWS\system32\dcomp.dll
0x00007ff9e9200000 - 0x00007ff9e929f000 	C:\WINDOWS\system32\dxgi.dll
0x00007ff9e8ca0000 - 0x00007ff9e8dbc000 	C:\WINDOWS\system32\twinapi.appcore.dll
0x00007ff9e9e50000 - 0x00007ff9e9e7b000 	C:\WINDOWS\system32\bcrypt.dll
0x00007ff9d4240000 - 0x00007ff9d4272000 	C:\Program Files\Common Files\Microsoft Shared\Ink\rtscom.dll
0x000000005ae00000 - 0x000000005ae11000 	C:\Program Files\Java\jdk1.8.0_112\jre\bin\prism_common.dll
0x000000005b1d0000 - 0x000000005b1ea000 	C:\Program Files\Java\jdk1.8.0_112\jre\bin\net.dll
0x00007ff9e9ad0000 - 0x00007ff9e9b2c000 	C:\WINDOWS\system32\mswsock.dll
0x00007ff9e9840000 - 0x00007ff9e98e0000 	C:\WINDOWS\SYSTEM32\DNSAPI.dll
0x00007ff9ed370000 - 0x00007ff9ed378000 	C:\WINDOWS\System32\NSI.dll
0x00007ff9e9800000 - 0x00007ff9e9838000 	C:\WINDOWS\SYSTEM32\IPHLPAPI.DLL
0x00007ff9dd830000 - 0x00007ff9dd83a000 	C:\Windows\System32\rasadhlp.dll
0x00007ff9e3a70000 - 0x00007ff9e3ada000 	C:\WINDOWS\System32\fwpuclnt.dll
0x00007ff9e5ec0000 - 0x00007ff9e6052000 	C:\WINDOWS\SYSTEM32\dbghelp.dll

VM Arguments:
jvm_args: -Dfile.encoding=UTF-8 
java_command: C:\Users\tiago\OneDrive\Documents\GitHub\Repository\TCMDef\dist\run862524272\TCMDef.jar
java_class_path (initial): C:\Users\tiago\OneDrive\Documents\GitHub\Repository\TCMDef\dist\run862524272\TCMDef.jar
Launcher Type: SUN_STANDARD

Environment Variables:
PATH=C:\ProgramData\Oracle\Java\javapath;C:\Program Files (x86)\Intel\iCLS Client\;C:\Program Files\Intel\iCLS Client\;C:\Windows\system32;C:\Windows;C:\Windows\System32\Wbem;C:\Windows\System32\WindowsPowerShell\v1.0\;C:\Program Files (x86)\Intel\Intel(R) Management Engine Components\DAL;C:\Program Files\Intel\Intel(R) Management Engine Components\DAL;C:\Program Files (x86)\Intel\Intel(R) Management Engine Components\IPT;C:\Program Files\Intel\Intel(R) Management Engine Components\IPT;C:\Program Files (x86)\NVIDIA Corporation\PhysX\Common;C:\WINDOWS\system32;C:\WINDOWS;C:\WINDOWS\System32\Wbem;C:\WINDOWS\System32\WindowsPowerShell\v1.0\;C:\Users\tiago\AppData\Local\Microsoft\WindowsApps;
USERNAME=tiago
OS=Windows_NT
PROCESSOR_IDENTIFIER=Intel64 Family 6 Model 78 Stepping 3, GenuineIntel



---------------  S Y S T E M  ---------------

OS: Windows 10.0 , 64 bit Build 14393 (10.0.14393.0)

CPU:total 4 (2 cores per cpu, 2 threads per core) family 6 model 78 stepping 3, cmov, cx8, fxsr, mmx, sse, sse2, sse3, ssse3, sse4.1, sse4.2, popcnt, avx, avx2, aes, clmul, erms, 3dnowpref, lzcnt, ht, tsc, tscinvbit, bmi1, bmi2, adx

Memory: 4k page, physical 8285064k(2623460k free), swap 9881464k(1638352k free)

vm_info: Java HotSpot(TM) 64-Bit Server VM (25.112-b15) for windows-amd64 JRE (1.8.0_112-b15), built on Sep 22 2016 21:31:56 by "java_re" with MS VC++ 10.0 (VS2010)

time: Sun Dec 04 10:53:06 2016
elapsed time: 6 seconds (0d 0h 0m 6s)

